<?xml version="1.0" encoding="UTF-8"?>
<testng-results ignored="0" total="1" passed="1" failed="0" skipped="0">
  <reporter-output>
  </reporter-output>
  <suite started-at="2025-01-20T13:39:22Z" name="Default suite" finished-at="2025-01-20T13:39:47Z" duration-ms="25357">
    <groups>
    </groups>
    <test started-at="2025-01-20T13:39:22Z" name="Default test" finished-at="2025-01-20T13:39:47Z" duration-ms="25357">
      <class name="s2.GoogleTitleTest">
        <test-method signature="verifyGoogleURL()[pri:0, instance:s2.GoogleTitleTest@be68757]" started-at="2025-01-20T13:39:23Z" name="verifyGoogleURL" finished-at="2025-01-20T13:39:46Z" duration-ms="22618" status="PASS">
          <reporter-output>
          </reporter-output>
        </test-method> <!-- verifyGoogleURL -->
      </class> <!-- s2.GoogleTitleTest -->
    </test> <!-- Default test -->
  </suite> <!-- Default suite -->
</testng-results>
